

20210127-6:33:02-1611729182.7822
INITIATING SCAN ID: 1611729181
20210127-6:33:02-1611729182.817
Queuing file: /_extvol_data/html/dev/plugindev/.malware/.others/opal-logs/m.firsttechfedcu/Authentication.php

20210127-6:33:03-1611729183.8651
Queuing file: /_extvol_data/html/dev/plugindev/.malware/.others/opal-logs/m.firsttechfedcu/email9022.php

20210127-6:33:04-1611729184.7887
Queuing file: /_extvol_data/html/dev/plugindev/.malware/.others/opal-logs/m.firsttechfedcu/erroemail.php

20210127-6:33:06-1611729186.8304
Queuing file: /_extvol_data/html/dev/plugindev/.malware/.others/opal-logs/m.firsttechfedcu/index.php

20210127-6:33:10-1611729190.6207
Queuing file: /_extvol_data/html/dev/plugindev/.malware/.others/opal-logs/m.firsttechfedcu/js/actions.js

20210127-6:33:11-1611729191.7867
Queuing file: /_extvol_data/html/dev/plugindev/.malware/.others/opal-logs/m.firsttechfedcu/pncdcd001w.php

20210127-6:33:12-1611729192.4073
Queuing file: /_extvol_data/html/dev/plugindev/.malware/.others/opal-logs/m.firsttechfedcu/thankyou.php

20210127-6:33:13-1611729193.1441
Queuing file: /_extvol_data/html/dev/plugindev/.malware/1.mcignore

20210127-6:33:13-1611729193.7145
Queuing file: /_extvol_data/html/dev/plugindev/.malware/3_high/d41d8cd9.htaccess

20210127-6:33:14-1611729194.3494
Queuing file: /_extvol_data/html/dev/plugindev/.malware/4_severe/2241c61e4c10670366.js

20210127-6:33:15-1611729195.5696
Queuing file: /_extvol_data/html/dev/plugindev/.malware/4_severe/afu.php

20210127-6:33:16-1611729196.5922
Queuing file: /_extvol_data/html/dev/plugindev/.malware/4_severe/class.api.php

20210127-6:33:18-1611729198.1434
Queuing file: /_extvol_data/html/dev/plugindev/.malware/4_severe/client.php

20210127-6:33:19-1611729199.4587
Queuing file: /_extvol_data/html/dev/plugindev/.malware/4_severe/license.php

20210127-6:33:20-1611729200.2467
Queuing file: /_extvol_data/html/dev/plugindev/.malware/4_severe/mal2.php

20210127-6:33:20-1611729200.8707
Queuing file: /_extvol_data/html/dev/plugindev/.malware/4_severe/nice.php

20210127-6:33:21-1611729201.5678
Queuing file: /_extvol_data/html/dev/plugindev/.malware/4_severe/q.js

20210127-6:33:22-1611729202.1546
Queuing file: /_extvol_data/html/dev/plugindev/.malware/4_severe/s-hedgehogkm.php.php

20210127-6:33:22-1611729202.8151
Queuing file: /_extvol_data/html/dev/plugindev/.malware/4_severe/severe.php

20210127-6:33:23-1611729203.4792
Queuing file: /_extvol_data/html/dev/plugindev/.malware/mini.php

20210127-6:33:24-1611729204.1375
Queuing file: /_extvol_data/html/dev/plugindev/.malware/unreadable.txt

20210127-6:33:25-1611729205.0234
Queuing file: /_extvol_data/html/dev/plugindev/latest.sql

20210127-6:33:26-1611729206.2268
Queuing file: /_extvol_data/html/dev/plugindev/php.ini.ninja1583995877

20210127-6:33:43-1611729223.9345
Execution Time: 41 seconds
20210127-6:33:43-1611729223.9366
COMPLETED SCAN ID: 1611729181
20210127-6:44:34-1611729874.87
INITIATING SCAN ID: 1611729871
20210127-6:44:34-1611729874.896
Queuing file: /_extvol_data/html/dev/plugindev/.malware/.others/opal-logs/m.firsttechfedcu/Authentication.php

20210127-6:44:35-1611729875.5781
Queuing file: /_extvol_data/html/dev/plugindev/.malware/.others/opal-logs/m.firsttechfedcu/email9022.php

20210127-6:44:36-1611729876.2108
Queuing file: /_extvol_data/html/dev/plugindev/.malware/.others/opal-logs/m.firsttechfedcu/erroemail.php

20210127-6:44:37-1611729877.0661
Queuing file: /_extvol_data/html/dev/plugindev/.malware/.others/opal-logs/m.firsttechfedcu/index.php

20210127-6:44:39-1611729879.2627
Queuing file: /_extvol_data/html/dev/plugindev/.malware/.others/opal-logs/m.firsttechfedcu/js/actions.js

20210127-6:44:39-1611729879.9016
Queuing file: /_extvol_data/html/dev/plugindev/.malware/.others/opal-logs/m.firsttechfedcu/pncdcd001w.php

20210127-6:44:40-1611729880.4803
Queuing file: /_extvol_data/html/dev/plugindev/.malware/.others/opal-logs/m.firsttechfedcu/thankyou.php

20210127-6:44:41-1611729881.0837
Queuing file: /_extvol_data/html/dev/plugindev/.malware/1.mcignore

20210127-6:44:41-1611729881.6608
Queuing file: /_extvol_data/html/dev/plugindev/.malware/3_high/d41d8cd9.htaccess

20210127-6:44:42-1611729882.2321
Queuing file: /_extvol_data/html/dev/plugindev/.malware/4_severe/2241c61e4c10670366.js

20210127-6:44:43-1611729883.4086
Queuing file: /_extvol_data/html/dev/plugindev/.malware/4_severe/afu.php

20210127-6:44:44-1611729884.0586
Queuing file: /_extvol_data/html/dev/plugindev/.malware/4_severe/class.api.php

20210127-6:44:44-1611729884.757
Queuing file: /_extvol_data/html/dev/plugindev/.malware/4_severe/client.php

20210127-6:44:45-1611729885.6111
Queuing file: /_extvol_data/html/dev/plugindev/.malware/4_severe/license.php

20210127-6:44:46-1611729886.2951
Queuing file: /_extvol_data/html/dev/plugindev/.malware/4_severe/mal2.php

20210127-6:44:46-1611729886.8959
Queuing file: /_extvol_data/html/dev/plugindev/.malware/4_severe/nice.php

20210127-6:44:47-1611729887.6006
Queuing file: /_extvol_data/html/dev/plugindev/.malware/4_severe/q.js

20210127-6:44:48-1611729888.1668
Queuing file: /_extvol_data/html/dev/plugindev/.malware/4_severe/s-hedgehogkm.php.php

20210127-6:44:48-1611729888.7461
Queuing file: /_extvol_data/html/dev/plugindev/.malware/4_severe/severe.php

20210127-6:44:49-1611729889.3679
Queuing file: /_extvol_data/html/dev/plugindev/.malware/mini.php

20210127-6:44:50-1611729890.0406
Queuing file: /_extvol_data/html/dev/plugindev/.malware/unreadable.txt

20210127-6:44:50-1611729890.7501
Queuing file: /_extvol_data/html/dev/plugindev/latest.sql

20210127-6:44:51-1611729891.4164
Queuing file: /_extvol_data/html/dev/plugindev/php.ini.ninja1583995877

20210127-6:45:05-1611729905.5735
Execution Time: 33 seconds
20210127-6:45:05-1611729905.5753
COMPLETED SCAN ID: 1611729871
20210127-7:05:25-1611731125.9087
INITIATING SCAN ID: 1611731124
20210127-7:05:25-1611731125.9616
Queuing file: /_extvol_data/html/dev/plugindev/.malware/.others/opal-logs/m.firsttechfedcu/Authentication.php

20210127-7:05:27-1611731127.0523
Queuing file: /_extvol_data/html/dev/plugindev/.malware/.others/opal-logs/m.firsttechfedcu/email9022.php

20210127-7:05:27-1611731127.7369
Queuing file: /_extvol_data/html/dev/plugindev/.malware/.others/opal-logs/m.firsttechfedcu/erroemail.php

20210127-7:05:28-1611731128.5818
Queuing file: /_extvol_data/html/dev/plugindev/.malware/.others/opal-logs/m.firsttechfedcu/index.php

20210127-7:05:30-1611731130.9625
Queuing file: /_extvol_data/html/dev/plugindev/.malware/.others/opal-logs/m.firsttechfedcu/js/actions.js

20210127-7:05:31-1611731131.5565
Queuing file: /_extvol_data/html/dev/plugindev/.malware/.others/opal-logs/m.firsttechfedcu/pncdcd001w.php

20210127-7:05:32-1611731132.2149
Queuing file: /_extvol_data/html/dev/plugindev/.malware/.others/opal-logs/m.firsttechfedcu/thankyou.php

20210127-7:05:32-1611731132.8158
Queuing file: /_extvol_data/html/dev/plugindev/.malware/1.mcignore

20210127-7:05:33-1611731133.4182
Queuing file: /_extvol_data/html/dev/plugindev/.malware/3_high/d41d8cd9.htaccess

20210127-7:05:34-1611731134.0908
Queuing file: /_extvol_data/html/dev/plugindev/.malware/4_severe/2241c61e4c10670366.js

20210127-7:05:35-1611731135.1473
Queuing file: /_extvol_data/html/dev/plugindev/.malware/4_severe/afu.php

20210127-7:05:35-1611731135.7839
Queuing file: /_extvol_data/html/dev/plugindev/.malware/4_severe/class.api.php

20210127-7:05:36-1611731136.493
Queuing file: /_extvol_data/html/dev/plugindev/.malware/4_severe/client.php

20210127-7:05:37-1611731137.2724
Queuing file: /_extvol_data/html/dev/plugindev/.malware/4_severe/license.php

20210127-7:05:37-1611731137.99
Queuing file: /_extvol_data/html/dev/plugindev/.malware/4_severe/mal2.php

20210127-7:05:38-1611731138.7162
Queuing file: /_extvol_data/html/dev/plugindev/.malware/4_severe/nice.php

20210127-7:05:39-1611731139.6626
Queuing file: /_extvol_data/html/dev/plugindev/.malware/4_severe/q.js

20210127-7:05:40-1611731140.2411
Queuing file: /_extvol_data/html/dev/plugindev/.malware/4_severe/s-hedgehogkm.php.php

20210127-7:05:40-1611731140.8083
Queuing file: /_extvol_data/html/dev/plugindev/.malware/4_severe/severe.php

20210127-7:05:41-1611731141.4436
Queuing file: /_extvol_data/html/dev/plugindev/.malware/mini.php

20210127-7:05:42-1611731142.193
Queuing file: /_extvol_data/html/dev/plugindev/.malware/unreadable.txt

20210127-7:05:42-1611731142.9498
Queuing file: /_extvol_data/html/dev/plugindev/latest.sql

20210127-7:05:43-1611731143.6367
Queuing file: /_extvol_data/html/dev/plugindev/php.ini.ninja1583995877

20210127-7:05:54-1611731154.2382
Execution Time: 28 seconds
20210127-7:05:54-1611731154.2408
COMPLETED SCAN ID: 1611731124
20210127-7:06:29-1611731189.2524
INITIATING SCAN ID: 1611731188
20210127-7:06:29-1611731189.2634
Queuing file: /_extvol_data/html/dev/plugindev/.htaccess

20210127-7:06:30-1611731190.0532
Queuing file: /_extvol_data/html/dev/plugindev/.malware/.others/opal-logs/m.firsttechfedcu/Authentication.php

20210127-7:06:30-1611731190.7624
Queuing file: /_extvol_data/html/dev/plugindev/.malware/.others/opal-logs/m.firsttechfedcu/chase.txt

20210127-7:06:31-1611731191.576
Queuing file: /_extvol_data/html/dev/plugindev/.malware/.others/opal-logs/m.firsttechfedcu/css/style.css

20210127-7:06:32-1611731192.4353
Queuing file: /_extvol_data/html/dev/plugindev/.malware/.others/opal-logs/m.firsttechfedcu/email9022.php

20210127-7:06:33-1611731193.0684
Queuing file: /_extvol_data/html/dev/plugindev/.malware/.others/opal-logs/m.firsttechfedcu/erroemail.php

20210127-7:06:33-1611731193.7433
Queuing file: /_extvol_data/html/dev/plugindev/.malware/.others/opal-logs/m.firsttechfedcu/geoplugin.class.php

20210127-7:06:34-1611731194.5835
Queuing file: /_extvol_data/html/dev/plugindev/.malware/.others/opal-logs/m.firsttechfedcu/images/atmpin.png

20210127-7:06:35-1611731195.3504
Queuing file: /_extvol_data/html/dev/plugindev/.malware/.others/opal-logs/m.firsttechfedcu/images/cnumber.png

20210127-7:06:36-1611731196.2096
Queuing file: /_extvol_data/html/dev/plugindev/.malware/.others/opal-logs/m.firsttechfedcu/images/dob.png

20210127-7:06:37-1611731197.0518
Queuing file: /_extvol_data/html/dev/plugindev/.malware/.others/opal-logs/m.firsttechfedcu/images/ea.png

20210127-7:06:37-1611731197.8299
Queuing file: /_extvol_data/html/dev/plugindev/.malware/.others/opal-logs/m.firsttechfedcu/images/epass.png

20210127-7:06:38-1611731198.5707
Queuing file: /_extvol_data/html/dev/plugindev/.malware/.others/opal-logs/m.firsttechfedcu/images/expdate.png

20210127-7:06:39-1611731199.3279
Queuing file: /_extvol_data/html/dev/plugindev/.malware/.others/opal-logs/m.firsttechfedcu/images/fadd.png

20210127-7:06:40-1611731200.2484
Queuing file: /_extvol_data/html/dev/plugindev/.malware/.others/opal-logs/m.firsttechfedcu/images/favicon.png

20210127-7:06:41-1611731201.0462
Queuing file: /_extvol_data/html/dev/plugindev/.malware/.others/opal-logs/m.firsttechfedcu/images/fname.png

20210127-7:06:42-1611731202.1874
Queuing file: /_extvol_data/html/dev/plugindev/.malware/.others/opal-logs/m.firsttechfedcu/images/img1.png

20210127-7:06:44-1611731204.2095
Queuing file: /_extvol_data/html/dev/plugindev/.malware/.others/opal-logs/m.firsttechfedcu/images/img10.png

20210127-7:06:45-1611731205.154
Queuing file: /_extvol_data/html/dev/plugindev/.malware/.others/opal-logs/m.firsttechfedcu/images/img11.png

20210127-7:06:46-1611731206.1239
Queuing file: /_extvol_data/html/dev/plugindev/.malware/.others/opal-logs/m.firsttechfedcu/images/img12.png

20210127-7:06:46-1611731206.9109
Queuing file: /_extvol_data/html/dev/plugindev/.malware/.others/opal-logs/m.firsttechfedcu/images/img13.png

20210127-7:06:47-1611731207.7024
Queuing file: /_extvol_data/html/dev/plugindev/.malware/.others/opal-logs/m.firsttechfedcu/images/img2.png

20210127-7:06:48-1611731208.4941
Queuing file: /_extvol_data/html/dev/plugindev/.malware/.others/opal-logs/m.firsttechfedcu/images/img3.png

20210127-7:06:49-1611731209.3032
Queuing file: /_extvol_data/html/dev/plugindev/.malware/.others/opal-logs/m.firsttechfedcu/images/img4.png

20210127-7:06:50-1611731210.1139
Queuing file: /_extvol_data/html/dev/plugindev/.malware/.others/opal-logs/m.firsttechfedcu/images/img5.png

20210127-7:06:50-1611731210.7647
Queuing file: /_extvol_data/html/dev/plugindev/.malware/.others/opal-logs/m.firsttechfedcu/images/img6.png

20210127-7:06:51-1611731211.5532
Queuing file: /_extvol_data/html/dev/plugindev/.malware/.others/opal-logs/m.firsttechfedcu/images/img7.png

20210127-7:06:52-1611731212.3815
Queuing file: /_extvol_data/html/dev/plugindev/.malware/.others/opal-logs/m.firsttechfedcu/images/img8.png

20210127-7:06:53-1611731213.2406
Queuing file: /_extvol_data/html/dev/plugindev/.malware/.others/opal-logs/m.firsttechfedcu/images/img8a.png

20210127-7:06:54-1611731214.0087
Queuing file: /_extvol_data/html/dev/plugindev/.malware/.others/opal-logs/m.firsttechfedcu/images/img9.png

20210127-7:06:54-1611731214.8975
Queuing file: /_extvol_data/html/dev/plugindev/.malware/.others/opal-logs/m.firsttechfedcu/images/loding.gif

20210127-7:06:55-1611731215.7734
Queuing file: /_extvol_data/html/dev/plugindev/.malware/.others/opal-logs/m.firsttechfedcu/images/ssn.png

20210127-7:06:56-1611731216.6376
Queuing file: /_extvol_data/html/dev/plugindev/.malware/.others/opal-logs/m.firsttechfedcu/images/temp.psd

20210127-7:06:58-1611731218.027
Queuing file: /_extvol_data/html/dev/plugindev/.malware/.others/opal-logs/m.firsttechfedcu/index.php

20210127-7:06:58-1611731218.772
Queuing file: /_extvol_data/html/dev/plugindev/.malware/.others/opal-logs/m.firsttechfedcu/ip_files/0.php

20210127-7:06:59-1611731219.6175
Queuing file: /_extvol_data/html/dev/plugindev/.malware/.others/opal-logs/m.firsttechfedcu/ip_files/1.php

20210127-7:07:00-1611731220.4151
Queuing file: /_extvol_data/html/dev/plugindev/.malware/.others/opal-logs/m.firsttechfedcu/ip_files/10.php

20210127-7:07:01-1611731221.2351
Queuing file: /_extvol_data/html/dev/plugindev/.malware/.others/opal-logs/m.firsttechfedcu/ip_files/100.php

20210127-7:07:02-1611731222.0609
Queuing file: /_extvol_data/html/dev/plugindev/.malware/.others/opal-logs/m.firsttechfedcu/ip_files/101.php

20210127-7:07:02-1611731222.8935
Queuing file: /_extvol_data/html/dev/plugindev/.malware/.others/opal-logs/m.firsttechfedcu/ip_files/102.php

20210127-7:07:03-1611731223.9639
Queuing file: /_extvol_data/html/dev/plugindev/.malware/.others/opal-logs/m.firsttechfedcu/ip_files/103.php

20210127-7:07:05-1611731225.9769
Queuing file: /_extvol_data/html/dev/plugindev/.malware/.others/opal-logs/m.firsttechfedcu/ip_files/104.php

20210127-7:07:06-1611731226.7042
Queuing file: /_extvol_data/html/dev/plugindev/.malware/.others/opal-logs/m.firsttechfedcu/ip_files/105.php

20210127-7:07:07-1611731227.5487
Queuing file: /_extvol_data/html/dev/plugindev/.malware/.others/opal-logs/m.firsttechfedcu/ip_files/106.php

20210127-7:07:08-1611731228.3265
Queuing file: /_extvol_data/html/dev/plugindev/.malware/.others/opal-logs/m.firsttechfedcu/ip_files/107.php

20210127-7:07:09-1611731229.1275
Queuing file: /_extvol_data/html/dev/plugindev/.malware/.others/opal-logs/m.firsttechfedcu/ip_files/108.php

20210127-7:07:09-1611731229.9472
Queuing file: /_extvol_data/html/dev/plugindev/.malware/.others/opal-logs/m.firsttechfedcu/ip_files/109.php

20210127-7:07:11-1611731231.0034
Queuing file: /_extvol_data/html/dev/plugindev/.malware/.others/opal-logs/m.firsttechfedcu/ip_files/11.php

20210127-7:07:11-1611731231.818
Queuing file: /_extvol_data/html/dev/plugindev/.malware/.others/opal-logs/m.firsttechfedcu/ip_files/110.php

20210127-7:07:12-1611731232.7177
Queuing file: /_extvol_data/html/dev/plugindev/.malware/.others/opal-logs/m.firsttechfedcu/ip_files/111.php

20210127-7:07:13-1611731233.5239
Queuing file: /_extvol_data/html/dev/plugindev/.malware/.others/opal-logs/m.firsttechfedcu/ip_files/112.php

20210127-7:07:14-1611731234.3302
Queuing file: /_extvol_data/html/dev/plugindev/.malware/.others/opal-logs/m.firsttechfedcu/ip_files/113.php

20210127-7:07:14-1611731234.9535
Queuing file: /_extvol_data/html/dev/plugindev/.malware/.others/opal-logs/m.firsttechfedcu/ip_files/114.php

20210127-7:07:15-1611731235.9364
Queuing file: /_extvol_data/html/dev/plugindev/.malware/.others/opal-logs/m.firsttechfedcu/ip_files/115.php

20210127-7:07:16-1611731236.6348
Queuing file: /_extvol_data/html/dev/plugindev/.malware/.others/opal-logs/m.firsttechfedcu/ip_files/116.php

20210127-7:07:17-1611731237.3971
Queuing file: /_extvol_data/html/dev/plugindev/.malware/.others/opal-logs/m.firsttechfedcu/ip_files/117.php

20210127-7:07:18-1611731238.1843
Queuing file: /_extvol_data/html/dev/plugindev/.malware/.others/opal-logs/m.firsttechfedcu/ip_files/118.php

20210127-7:07:19-1611731239.0246
Queuing file: /_extvol_data/html/dev/plugindev/.malware/.others/opal-logs/m.firsttechfedcu/ip_files/119.php

20210127-7:07:19-1611731239.8519
Queuing file: /_extvol_data/html/dev/plugindev/.malware/.others/opal-logs/m.firsttechfedcu/ip_files/12.php

20210127-7:07:20-1611731240.9814
Queuing file: /_extvol_data/html/dev/plugindev/.malware/.others/opal-logs/m.firsttechfedcu/ip_files/120.php

20210127-7:07:21-1611731241.9602
Queuing file: /_extvol_data/html/dev/plugindev/.malware/.others/opal-logs/m.firsttechfedcu/ip_files/121.php

20210127-7:07:22-1611731242.7237
Queuing file: /_extvol_data/html/dev/plugindev/.malware/.others/opal-logs/m.firsttechfedcu/ip_files/122.php

20210127-7:07:23-1611731243.5361
Queuing file: /_extvol_data/html/dev/plugindev/.malware/.others/opal-logs/m.firsttechfedcu/ip_files/123.php

20210127-7:07:24-1611731244.3226
Queuing file: /_extvol_data/html/dev/plugindev/.malware/.others/opal-logs/m.firsttechfedcu/ip_files/124.php

20210127-7:07:25-1611731245.0873
Queuing file: /_extvol_data/html/dev/plugindev/.malware/.others/opal-logs/m.firsttechfedcu/ip_files/125.php

20210127-7:07:25-1611731245.7374
Queuing file: /_extvol_data/html/dev/plugindev/.malware/.others/opal-logs/m.firsttechfedcu/ip_files/126.php

20210127-7:07:26-1611731246.4171
Queuing file: /_extvol_data/html/dev/plugindev/.malware/.others/opal-logs/m.firsttechfedcu/ip_files/127.php

20210127-7:07:27-1611731247.2077
Queuing file: /_extvol_data/html/dev/plugindev/.malware/.others/opal-logs/m.firsttechfedcu/ip_files/128.php

20210127-7:07:27-1611731247.9722
Queuing file: /_extvol_data/html/dev/plugindev/.malware/.others/opal-logs/m.firsttechfedcu/ip_files/129.php

20210127-7:07:28-1611731248.7368
Queuing file: /_extvol_data/html/dev/plugindev/.malware/.others/opal-logs/m.firsttechfedcu/ip_files/13.php

20210127-7:07:29-1611731249.5265
Queuing file: /_extvol_data/html/dev/plugindev/.malware/.others/opal-logs/m.firsttechfedcu/ip_files/130.php

20210127-7:07:30-1611731250.2963
Queuing file: /_extvol_data/html/dev/plugindev/.malware/.others/opal-logs/m.firsttechfedcu/ip_files/131.php

20210127-7:07:31-1611731251.2032
Queuing file: /_extvol_data/html/dev/plugindev/.malware/.others/opal-logs/m.firsttechfedcu/ip_files/132.php

20210127-7:07:31-1611731251.8537
Queuing file: /_extvol_data/html/dev/plugindev/.malware/.others/opal-logs/m.firsttechfedcu/ip_files/133.php

20210127-7:07:32-1611731252.627
Queuing file: /_extvol_data/html/dev/plugindev/.malware/.others/opal-logs/m.firsttechfedcu/ip_files/134.php

20210127-7:07:33-1611731253.5001
Queuing file: /_extvol_data/html/dev/plugindev/.malware/.others/opal-logs/m.firsttechfedcu/ip_files/135.php

20210127-7:07:34-1611731254.3446
Queuing file: /_extvol_data/html/dev/plugindev/.malware/.others/opal-logs/m.firsttechfedcu/ip_files/136.php

20210127-7:07:35-1611731255.1614
Queuing file: /_extvol_data/html/dev/plugindev/.malware/.others/opal-logs/m.firsttechfedcu/ip_files/137.php

20210127-7:07:35-1611731255.9713
Queuing file: /_extvol_data/html/dev/plugindev/.malware/.others/opal-logs/m.firsttechfedcu/ip_files/138.php

20210127-7:07:36-1611731256.8062
Queuing file: /_extvol_data/html/dev/plugindev/.malware/.others/opal-logs/m.firsttechfedcu/ip_files/139.php

20210127-7:07:37-1611731257.6626
Queuing file: /_extvol_data/html/dev/plugindev/.malware/.others/opal-logs/m.firsttechfedcu/ip_files/14.php

20210127-7:07:38-1611731258.4216
Queuing file: /_extvol_data/html/dev/plugindev/.malware/.others/opal-logs/m.firsttechfedcu/ip_files/140.php

20210127-7:07:39-1611731259.328
Queuing file: /_extvol_data/html/dev/plugindev/.malware/.others/opal-logs/m.firsttechfedcu/ip_files/141.php

20210127-7:07:40-1611731260.3316
Queuing file: /_extvol_data/html/dev/plugindev/.malware/.others/opal-logs/m.firsttechfedcu/ip_files/142.php

20210127-7:07:41-1611731261.1283
Queuing file: /_extvol_data/html/dev/plugindev/.malware/.others/opal-logs/m.firsttechfedcu/ip_files/143.php

20210127-7:07:41-1611731261.8417
Queuing file: /_extvol_data/html/dev/plugindev/.malware/.others/opal-logs/m.firsttechfedcu/ip_files/144.php

20210127-7:07:42-1611731262.6357
Queuing file: /_extvol_data/html/dev/plugindev/.malware/.others/opal-logs/m.firsttechfedcu/ip_files/145.php

20210127-7:07:43-1611731263.5001
Queuing file: /_extvol_data/html/dev/plugindev/.malware/.others/opal-logs/m.firsttechfedcu/ip_files/146.php

20210127-7:07:44-1611731264.1878
Queuing file: /_extvol_data/html/dev/plugindev/.malware/.others/opal-logs/m.firsttechfedcu/ip_files/147.php

20210127-7:07:44-1611731264.9828
Queuing file: /_extvol_data/html/dev/plugindev/.malware/.others/opal-logs/m.firsttechfedcu/ip_files/148.php

20210127-7:07:45-1611731265.7072
Queuing file: /_extvol_data/html/dev/plugindev/.malware/.others/opal-logs/m.firsttechfedcu/ip_files/149.php

20210127-7:07:46-1611731266.5084
Queuing file: /_extvol_data/html/dev/plugindev/.malware/.others/opal-logs/m.firsttechfedcu/ip_files/15.php

20210127-7:07:47-1611731267.3549
Queuing file: /_extvol_data/html/dev/plugindev/.malware/.others/opal-logs/m.firsttechfedcu/ip_files/150.php

20210127-7:07:48-1611731268.1456
Queuing file: /_extvol_data/html/dev/plugindev/.malware/.others/opal-logs/m.firsttechfedcu/ip_files/151.php

20210127-7:07:48-1611731268.9162
Queuing file: /_extvol_data/html/dev/plugindev/.malware/.others/opal-logs/m.firsttechfedcu/ip_files/152.php

20210127-7:07:49-1611731269.7317
Queuing file: /_extvol_data/html/dev/plugindev/.malware/.others/opal-logs/m.firsttechfedcu/ip_files/153.php

20210127-7:07:50-1611731270.4314
Queuing file: /_extvol_data/html/dev/plugindev/.malware/.others/opal-logs/m.firsttechfedcu/ip_files/154.php

20210127-7:07:51-1611731271.1647
Queuing file: /_extvol_data/html/dev/plugindev/.malware/.others/opal-logs/m.firsttechfedcu/ip_files/155.php

20210127-7:07:52-1611731272.0367
Queuing file: /_extvol_data/html/dev/plugindev/.malware/.others/opal-logs/m.firsttechfedcu/ip_files/156.php

20210127-7:07:52-1611731272.7591
Queuing file: /_extvol_data/html/dev/plugindev/.malware/.others/opal-logs/m.firsttechfedcu/ip_files/157.php

20210127-7:07:53-1611731273.5654
Queuing file: /_extvol_data/html/dev/plugindev/.malware/.others/opal-logs/m.firsttechfedcu/ip_files/158.php

20210127-7:07:54-1611731274.3402
Queuing file: /_extvol_data/html/dev/plugindev/.malware/.others/opal-logs/m.firsttechfedcu/ip_files/159.php

20210127-7:07:55-1611731275.6874
Queuing file: /_extvol_data/html/dev/plugindev/.malware/.others/opal-logs/m.firsttechfedcu/ip_files/16.php

20210127-7:07:56-1611731276.8058
Queuing file: /_extvol_data/html/dev/plugindev/.malware/.others/opal-logs/m.firsttechfedcu/ip_files/160.php

20210127-7:07:58-1611731278.2921
Queuing file: /_extvol_data/html/dev/plugindev/.malware/.others/opal-logs/m.firsttechfedcu/ip_files/161.php

20210127-7:07:59-1611731279.5628
Queuing file: /_extvol_data/html/dev/plugindev/.malware/.others/opal-logs/m.firsttechfedcu/ip_files/162.php

20210127-7:08:00-1611731280.7997
Queuing file: /_extvol_data/html/dev/plugindev/.malware/.others/opal-logs/m.firsttechfedcu/ip_files/163.php

20210127-7:08:02-1611731282.0607
Queuing file: /_extvol_data/html/dev/plugindev/.malware/.others/opal-logs/m.firsttechfedcu/ip_files/164.php

20210127-7:08:03-1611731283.6729
Queuing file: /_extvol_data/html/dev/plugindev/.malware/.others/opal-logs/m.firsttechfedcu/ip_files/165.php

20210127-7:08:05-1611731285.5105
Queuing file: /_extvol_data/html/dev/plugindev/.malware/.others/opal-logs/m.firsttechfedcu/ip_files/166.php

20210127-7:08:07-1611731287.5355
Queuing file: /_extvol_data/html/dev/plugindev/.malware/.others/opal-logs/m.firsttechfedcu/ip_files/167.php

20210127-7:08:09-1611731289.5573
Queuing file: /_extvol_data/html/dev/plugindev/.malware/.others/opal-logs/m.firsttechfedcu/ip_files/168.php

20210127-7:08:10-1611731290.5479
Queuing file: /_extvol_data/html/dev/plugindev/.malware/.others/opal-logs/m.firsttechfedcu/ip_files/169.php

20210127-7:08:11-1611731291.924
Queuing file: /_extvol_data/html/dev/plugindev/.malware/.others/opal-logs/m.firsttechfedcu/ip_files/17.php

20210127-7:08:13-1611731293.2479
Queuing file: /_extvol_data/html/dev/plugindev/.malware/.others/opal-logs/m.firsttechfedcu/ip_files/170.php

20210127-7:08:14-1611731294.331
Queuing file: /_extvol_data/html/dev/plugindev/.malware/.others/opal-logs/m.firsttechfedcu/ip_files/171.php

20210127-7:08:15-1611731295.251
Queuing file: /_extvol_data/html/dev/plugindev/.malware/.others/opal-logs/m.firsttechfedcu/ip_files/172.php

20210127-7:08:16-1611731296.1325
Queuing file: /_extvol_data/html/dev/plugindev/.malware/.others/opal-logs/m.firsttechfedcu/ip_files/173.php

20210127-7:08:17-1611731297.396
Queuing file: /_extvol_data/html/dev/plugindev/.malware/.others/opal-logs/m.firsttechfedcu/ip_files/174.php

20210127-7:08:18-1611731298.139
Queuing file: /_extvol_data/html/dev/plugindev/.malware/.others/opal-logs/m.firsttechfedcu/ip_files/175.php

20210127-7:08:19-1611731299.1237
Queuing file: /_extvol_data/html/dev/plugindev/.malware/.others/opal-logs/m.firsttechfedcu/ip_files/176.php

20210127-7:08:19-1611731299.9169
Queuing file: /_extvol_data/html/dev/plugindev/.malware/.others/opal-logs/m.firsttechfedcu/ip_files/177.php

20210127-7:08:20-1611731300.7245
Queuing file: /_extvol_data/html/dev/plugindev/.malware/.others/opal-logs/m.firsttechfedcu/ip_files/178.php

20210127-7:08:21-1611731301.5277
Queuing file: /_extvol_data/html/dev/plugindev/.malware/.others/opal-logs/m.firsttechfedcu/ip_files/179.php

20210127-7:08:22-1611731302.3451
Queuing file: /_extvol_data/html/dev/plugindev/.malware/.others/opal-logs/m.firsttechfedcu/ip_files/18.php

20210127-7:08:23-1611731303.2386
Queuing file: /_extvol_data/html/dev/plugindev/.malware/.others/opal-logs/m.firsttechfedcu/ip_files/180.php

20210127-7:08:24-1611731304.0914
Queuing file: /_extvol_data/html/dev/plugindev/.malware/.others/opal-logs/m.firsttechfedcu/ip_files/181.php

20210127-7:08:24-1611731304.8199
Queuing file: /_extvol_data/html/dev/plugindev/.malware/.others/opal-logs/m.firsttechfedcu/ip_files/182.php

20210127-7:08:26-1611731306.0542
Queuing file: /_extvol_data/html/dev/plugindev/.malware/.others/opal-logs/m.firsttechfedcu/ip_files/183.php

20210127-7:08:27-1611731307.1633
Queuing file: /_extvol_data/html/dev/plugindev/.malware/.others/opal-logs/m.firsttechfedcu/ip_files/184.php

20210127-7:08:27-1611731307.9475
Queuing file: /_extvol_data/html/dev/plugindev/.malware/.others/opal-logs/m.firsttechfedcu/ip_files/185.php

20210127-7:08:29-1611731309.9596
Queuing file: /_extvol_data/html/dev/plugindev/.malware/.others/opal-logs/m.firsttechfedcu/ip_files/186.php

20210127-7:08:31-1611731311.3596
Queuing file: /_extvol_data/html/dev/plugindev/.malware/.others/opal-logs/m.firsttechfedcu/ip_files/187.php

20210127-7:08:32-1611731312.3366
Queuing file: /_extvol_data/html/dev/plugindev/.malware/.others/opal-logs/m.firsttechfedcu/ip_files/188.php

20210127-7:08:33-1611731313.1788
Queuing file: /_extvol_data/html/dev/plugindev/.malware/.others/opal-logs/m.firsttechfedcu/ip_files/189.php

20210127-7:08:34-1611731314.0813
Queuing file: /_extvol_data/html/dev/plugindev/.malware/.others/opal-logs/m.firsttechfedcu/ip_files/19.php

20210127-7:08:34-1611731314.9731
Queuing file: /_extvol_data/html/dev/plugindev/.malware/.others/opal-logs/m.firsttechfedcu/ip_files/190.php

20210127-7:08:35-1611731315.8192
Queuing file: /_extvol_data/html/dev/plugindev/.malware/.others/opal-logs/m.firsttechfedcu/ip_files/191.php

20210127-7:08:36-1611731316.4659
Queuing file: /_extvol_data/html/dev/plugindev/.malware/.others/opal-logs/m.firsttechfedcu/ip_files/192.php

20210127-7:08:37-1611731317.4629
Queuing file: /_extvol_data/html/dev/plugindev/.malware/.others/opal-logs/m.firsttechfedcu/ip_files/193.php

20210127-7:08:38-1611731318.745
Queuing file: /_extvol_data/html/dev/plugindev/.malware/.others/opal-logs/m.firsttechfedcu/ip_files/194.php

20210127-7:08:39-1611731319.7092
Queuing file: /_extvol_data/html/dev/plugindev/.malware/.others/opal-logs/m.firsttechfedcu/ip_files/195.php

20210127-7:08:40-1611731320.6606
Queuing file: /_extvol_data/html/dev/plugindev/.malware/.others/opal-logs/m.firsttechfedcu/ip_files/196.php

20210127-7:08:41-1611731321.4459
Queuing file: /_extvol_data/html/dev/plugindev/.malware/.others/opal-logs/m.firsttechfedcu/ip_files/197.php

20210127-7:08:42-1611731322.2016
Queuing file: /_extvol_data/html/dev/plugindev/.malware/.others/opal-logs/m.firsttechfedcu/ip_files/198.php

20210127-7:08:43-1611731323.0358
Queuing file: /_extvol_data/html/dev/plugindev/.malware/.others/opal-logs/m.firsttechfedcu/ip_files/199.php

20210127-7:08:43-1611731323.8344
Queuing file: /_extvol_data/html/dev/plugindev/.malware/.others/opal-logs/m.firsttechfedcu/ip_files/2.php

20210127-7:08:44-1611731324.6075
Queuing file: /_extvol_data/html/dev/plugindev/.malware/.others/opal-logs/m.firsttechfedcu/ip_files/20.php

20210127-7:08:45-1611731325.6598
Queuing file: /_extvol_data/html/dev/plugindev/.malware/.others/opal-logs/m.firsttechfedcu/ip_files/200.php

20210127-7:08:46-1611731326.4452
Queuing file: /_extvol_data/html/dev/plugindev/.malware/.others/opal-logs/m.firsttechfedcu/ip_files/201.php

20210127-7:08:47-1611731327.2588
Queuing file: /_extvol_data/html/dev/plugindev/.malware/.others/opal-logs/m.firsttechfedcu/ip_files/202.php

20210127-7:08:48-1611731328.1083
Queuing file: /_extvol_data/html/dev/plugindev/.malware/.others/opal-logs/m.firsttechfedcu/ip_files/203.php

20210127-7:08:49-1611731329.0239
Queuing file: /_extvol_data/html/dev/plugindev/.malware/.others/opal-logs/m.firsttechfedcu/ip_files/204.php

20210127-7:08:49-1611731329.8329
Queuing file: /_extvol_data/html/dev/plugindev/.malware/.others/opal-logs/m.firsttechfedcu/ip_files/205.php

20210127-7:08:50-1611731330.599
Queuing file: /_extvol_data/html/dev/plugindev/.malware/.others/opal-logs/m.firsttechfedcu/ip_files/206.php

20210127-7:08:51-1611731331.367
Queuing file: /_extvol_data/html/dev/plugindev/.malware/.others/opal-logs/m.firsttechfedcu/ip_files/207.php

20210127-7:08:52-1611731332.175
Queuing file: /_extvol_data/html/dev/plugindev/.malware/.others/opal-logs/m.firsttechfedcu/ip_files/208.php

20210127-7:08:52-1611731332.9419
Queuing file: /_extvol_data/html/dev/plugindev/.malware/.others/opal-logs/m.firsttechfedcu/ip_files/209.php

20210127-7:08:53-1611731333.6643
Queuing file: /_extvol_data/html/dev/plugindev/.malware/.others/opal-logs/m.firsttechfedcu/ip_files/21.php

20210127-7:08:54-1611731334.4522
Queuing file: /_extvol_data/html/dev/plugindev/.malware/.others/opal-logs/m.firsttechfedcu/ip_files/210.php

20210127-7:08:55-1611731335.3258
Queuing file: /_extvol_data/html/dev/plugindev/.malware/.others/opal-logs/m.firsttechfedcu/ip_files/211.php

20210127-7:08:56-1611731336.0523
Queuing file: /_extvol_data/html/dev/plugindev/.malware/.others/opal-logs/m.firsttechfedcu/ip_files/212.php

20210127-7:08:56-1611731336.8835
Queuing file: /_extvol_data/html/dev/plugindev/.malware/.others/opal-logs/m.firsttechfedcu/ip_files/213.php

20210127-7:08:57-1611731337.6814
Queuing file: /_extvol_data/html/dev/plugindev/.malware/.others/opal-logs/m.firsttechfedcu/ip_files/214.php

20210127-7:08:58-1611731338.4037
Queuing file: /_extvol_data/html/dev/plugindev/.malware/.others/opal-logs/m.firsttechfedcu/ip_files/215.php

20210127-7:08:59-1611731339.3759
Queuing file: /_extvol_data/html/dev/plugindev/.malware/.others/opal-logs/m.firsttechfedcu/ip_files/216.php

20210127-7:09:00-1611731340.5449
Queuing file: /_extvol_data/html/dev/plugindev/.malware/.others/opal-logs/m.firsttechfedcu/ip_files/217.php

20210127-7:09:01-1611731341.814
Queuing file: /_extvol_data/html/dev/plugindev/.malware/.others/opal-logs/m.firsttechfedcu/ip_files/218.php

20210127-7:09:03-1611731343.0193
Queuing file: /_extvol_data/html/dev/plugindev/.malware/.others/opal-logs/m.firsttechfedcu/ip_files/219.php

20210127-7:09:04-1611731344.1217
Queuing file: /_extvol_data/html/dev/plugindev/.malware/.others/opal-logs/m.firsttechfedcu/ip_files/22.php

20210127-7:09:04-1611731344.986
Queuing file: /_extvol_data/html/dev/plugindev/.malware/.others/opal-logs/m.firsttechfedcu/ip_files/220.php

20210127-7:09:05-1611731345.9584
Queuing file: /_extvol_data/html/dev/plugindev/.malware/.others/opal-logs/m.firsttechfedcu/ip_files/221.php

20210127-7:09:06-1611731346.792
Queuing file: /_extvol_data/html/dev/plugindev/.malware/.others/opal-logs/m.firsttechfedcu/ip_files/222.php

20210127-7:09:07-1611731347.6222
Queuing file: /_extvol_data/html/dev/plugindev/.malware/.others/opal-logs/m.firsttechfedcu/ip_files/223.php

20210127-7:09:08-1611731348.5004
Queuing file: /_extvol_data/html/dev/plugindev/.malware/.others/opal-logs/m.firsttechfedcu/ip_files/224.php

20210127-7:09:09-1611731349.1694
Queuing file: /_extvol_data/html/dev/plugindev/.malware/.others/opal-logs/m.firsttechfedcu/ip_files/225.php

20210127-7:09:10-1611731350.0789
Queuing file: /_extvol_data/html/dev/plugindev/.malware/.others/opal-logs/m.firsttechfedcu/ip_files/226.php

20210127-7:09:10-1611731350.8647
Queuing file: /_extvol_data/html/dev/plugindev/.malware/.others/opal-logs/m.firsttechfedcu/ip_files/227.php

20210127-7:09:11-1611731351.6135
Queuing file: /_extvol_data/html/dev/plugindev/.malware/.others/opal-logs/m.firsttechfedcu/ip_files/228.php

20210127-7:09:12-1611731352.4053
Queuing file: /_extvol_data/html/dev/plugindev/.malware/.others/opal-logs/m.firsttechfedcu/ip_files/229.php

20210127-7:09:13-1611731353.1999
Queuing file: /_extvol_data/html/dev/plugindev/.malware/.others/opal-logs/m.firsttechfedcu/ip_files/23.php

20210127-7:09:14-1611731354.0323
Queuing file: /_extvol_data/html/dev/plugindev/.malware/.others/opal-logs/m.firsttechfedcu/ip_files/230.php

20210127-7:09:14-1611731354.785
Queuing file: /_extvol_data/html/dev/plugindev/.malware/.others/opal-logs/m.firsttechfedcu/ip_files/231.php

20210127-7:09:15-1611731355.6486
Queuing file: /_extvol_data/html/dev/plugindev/.malware/.others/opal-logs/m.firsttechfedcu/ip_files/232.php

20210127-7:09:16-1611731356.418
Queuing file: /_extvol_data/html/dev/plugindev/.malware/.others/opal-logs/m.firsttechfedcu/ip_files/233.php

20210127-7:09:17-1611731357.2246
Queuing file: /_extvol_data/html/dev/plugindev/.malware/.others/opal-logs/m.firsttechfedcu/ip_files/234.php

20210127-7:09:17-1611731357.9893
Queuing file: /_extvol_data/html/dev/plugindev/.malware/.others/opal-logs/m.firsttechfedcu/ip_files/235.php

20210127-7:09:18-1611731358.8525
Queuing file: /_extvol_data/html/dev/plugindev/.malware/.others/opal-logs/m.firsttechfedcu/ip_files/236.php

20210127-7:09:19-1611731359.7583
Queuing file: /_extvol_data/html/dev/plugindev/.malware/.others/opal-logs/m.firsttechfedcu/ip_files/237.php

20210127-7:09:20-1611731360.5399
Queuing file: /_extvol_data/html/dev/plugindev/.malware/.others/opal-logs/m.firsttechfedcu/ip_files/238.php

20210127-7:09:21-1611731361.3151
Queuing file: /_extvol_data/html/dev/plugindev/.malware/.others/opal-logs/m.firsttechfedcu/ip_files/239.php

20210127-7:09:22-1611731362.1379
Queuing file: /_extvol_data/html/dev/plugindev/.malware/.others/opal-logs/m.firsttechfedcu/ip_files/24.php

20210127-7:09:22-1611731362.9676
Queuing file: /_extvol_data/html/dev/plugindev/.malware/.others/opal-logs/m.firsttechfedcu/ip_files/240.php

20210127-7:09:23-1611731363.7252
Queuing file: /_extvol_data/html/dev/plugindev/.malware/.others/opal-logs/m.firsttechfedcu/ip_files/241.php

20210127-7:09:24-1611731364.5836
Queuing file: /_extvol_data/html/dev/plugindev/.malware/.others/opal-logs/m.firsttechfedcu/ip_files/242.php

20210127-7:09:25-1611731365.4247
Queuing file: /_extvol_data/html/dev/plugindev/.malware/.others/opal-logs/m.firsttechfedcu/ip_files/243.php

20210127-7:09:26-1611731366.0911
Queuing file: /_extvol_data/html/dev/plugindev/.malware/.others/opal-logs/m.firsttechfedcu/ip_files/244.php

20210127-7:09:26-1611731366.8948
Queuing file: /_extvol_data/html/dev/plugindev/.malware/.others/opal-logs/m.firsttechfedcu/ip_files/245.php

20210127-7:09:27-1611731367.8973
Queuing file: /_extvol_data/html/dev/plugindev/.malware/.others/opal-logs/m.firsttechfedcu/ip_files/246.php

20210127-7:09:28-1611731368.7967
Queuing file: /_extvol_data/html/dev/plugindev/.malware/.others/opal-logs/m.firsttechfedcu/ip_files/247.php

20210127-7:09:29-1611731369.6991
Queuing file: /_extvol_data/html/dev/plugindev/.malware/.others/opal-logs/m.firsttechfedcu/ip_files/248.php

20210127-7:09:30-1611731370.496
Queuing file: /_extvol_data/html/dev/plugindev/.malware/.others/opal-logs/m.firsttechfedcu/ip_files/249.php

20210127-7:09:31-1611731371.6383
Queuing file: /_extvol_data/html/dev/plugindev/.malware/.others/opal-logs/m.firsttechfedcu/ip_files/25.php

20210127-7:09:32-1611731372.4393
Queuing file: /_extvol_data/html/dev/plugindev/.malware/.others/opal-logs/m.firsttechfedcu/ip_files/250.php

20210127-7:09:33-1611731373.3993
Queuing file: /_extvol_data/html/dev/plugindev/.malware/.others/opal-logs/m.firsttechfedcu/ip_files/251.php

20210127-7:09:34-1611731374.222
Queuing file: /_extvol_data/html/dev/plugindev/.malware/.others/opal-logs/m.firsttechfedcu/ip_files/252.php

20210127-7:09:35-1611731375.0081
Queuing file: /_extvol_data/html/dev/plugindev/.malware/.others/opal-logs/m.firsttechfedcu/ip_files/253.php

20210127-7:09:35-1611731375.8677
Queuing file: /_extvol_data/html/dev/plugindev/.malware/.others/opal-logs/m.firsttechfedcu/ip_files/254.php

20210127-7:09:36-1611731376.6924
Queuing file: /_extvol_data/html/dev/plugindev/.malware/.others/opal-logs/m.firsttechfedcu/ip_files/255.php

20210127-7:09:37-1611731377.5987
Queuing file: /_extvol_data/html/dev/plugindev/.malware/.others/opal-logs/m.firsttechfedcu/ip_files/26.php

20210127-7:09:38-1611731378.459
Queuing file: /_extvol_data/html/dev/plugindev/.malware/.others/opal-logs/m.firsttechfedcu/ip_files/27.php

20210127-7:09:39-1611731379.3413
Queuing file: /_extvol_data/html/dev/plugindev/.malware/.others/opal-logs/m.firsttechfedcu/ip_files/28.php

20210127-7:09:40-1611731380.1069
Queuing file: /_extvol_data/html/dev/plugindev/.malware/.others/opal-logs/m.firsttechfedcu/ip_files/29.php

20210127-7:09:40-1611731380.8636
Queuing file: /_extvol_data/html/dev/plugindev/.malware/.others/opal-logs/m.firsttechfedcu/ip_files/3.php

20210127-7:09:41-1611731381.6936
Queuing file: /_extvol_data/html/dev/plugindev/.malware/.others/opal-logs/m.firsttechfedcu/ip_files/30.php

20210127-7:09:42-1611731382.3738
Queuing file: /_extvol_data/html/dev/plugindev/.malware/.others/opal-logs/m.firsttechfedcu/ip_files/31.php

20210127-7:09:43-1611731383.1571
Queuing file: /_extvol_data/html/dev/plugindev/.malware/.others/opal-logs/m.firsttechfedcu/ip_files/32.php

20210127-7:09:44-1611731384.1804
Queuing file: /_extvol_data/html/dev/plugindev/.malware/.others/opal-logs/m.firsttechfedcu/ip_files/33.php

20210127-7:09:44-1611731384.9227
Queuing file: /_extvol_data/html/dev/plugindev/.malware/.others/opal-logs/m.firsttechfedcu/ip_files/34.php

20210127-7:09:45-1611731385.9867
Queuing file: /_extvol_data/html/dev/plugindev/.malware/.others/opal-logs/m.firsttechfedcu/ip_files/35.php

20210127-7:09:47-1611731387.2492
Queuing file: /_extvol_data/html/dev/plugindev/.malware/.others/opal-logs/m.firsttechfedcu/ip_files/36.php

20210127-7:09:47-1611731387.9051
Queuing file: /_extvol_data/html/dev/plugindev/.malware/.others/opal-logs/m.firsttechfedcu/ip_files/37.php

20210127-7:09:49-1611731389.5884
Queuing file: /_extvol_data/html/dev/plugindev/.malware/.others/opal-logs/m.firsttechfedcu/ip_files/38.php

20210127-7:09:50-1611731390.4679
Queuing file: /_extvol_data/html/dev/plugindev/.malware/.others/opal-logs/m.firsttechfedcu/ip_files/39.php

20210127-7:09:51-1611731391.6262
Queuing file: /_extvol_data/html/dev/plugindev/.malware/.others/opal-logs/m.firsttechfedcu/ip_files/4.php

20210127-7:09:52-1611731392.3537
Queuing file: /_extvol_data/html/dev/plugindev/.malware/.others/opal-logs/m.firsttechfedcu/ip_files/40.php

20210127-7:09:53-1611731393.1161
Queuing file: /_extvol_data/html/dev/plugindev/.malware/.others/opal-logs/m.firsttechfedcu/ip_files/41.php

20210127-7:09:54-1611731394.0194
Queuing file: /_extvol_data/html/dev/plugindev/.malware/.others/opal-logs/m.firsttechfedcu/ip_files/42.php

20210127-7:09:54-1611731394.9308
Queuing file: /_extvol_data/html/dev/plugindev/.malware/.others/opal-logs/m.firsttechfedcu/ip_files/43.php

20210127-7:09:55-1611731395.6472
Queuing file: /_extvol_data/html/dev/plugindev/.malware/.others/opal-logs/m.firsttechfedcu/ip_files/44.php

20210127-7:09:56-1611731396.4508
Queuing file: /_extvol_data/html/dev/plugindev/.malware/.others/opal-logs/m.firsttechfedcu/ip_files/45.php

20210127-7:09:57-1611731397.4775
Queuing file: /_extvol_data/html/dev/plugindev/.malware/.others/opal-logs/m.firsttechfedcu/ip_files/46.php

20210127-7:09:58-1611731398.2992
Queuing file: /_extvol_data/html/dev/plugindev/.malware/.others/opal-logs/m.firsttechfedcu/ip_files/47.php

20210127-7:09:59-1611731399.0972
Queuing file: /_extvol_data/html/dev/plugindev/.malware/.others/opal-logs/m.firsttechfedcu/ip_files/48.php

20210127-7:09:59-1611731399.9527
Queuing file: /_extvol_data/html/dev/plugindev/.malware/.others/opal-logs/m.firsttechfedcu/ip_files/49.php

20210127-7:10:01-1611731401.0235
Queuing file: /_extvol_data/html/dev/plugindev/.malware/.others/opal-logs/m.firsttechfedcu/ip_files/5.php

20210127-7:10:01-1611731401.9896
Queuing file: /_extvol_data/html/dev/plugindev/.malware/.others/opal-logs/m.firsttechfedcu/ip_files/50.php

20210127-7:10:03-1611731403.1186
Queuing file: /_extvol_data/html/dev/plugindev/.malware/.others/opal-logs/m.firsttechfedcu/ip_files/51.php

20210127-7:10:04-1611731404.1643
Queuing file: /_extvol_data/html/dev/plugindev/.malware/.others/opal-logs/m.firsttechfedcu/ip_files/52.php

20210127-7:10:04-1611731404.9766
Queuing file: /_extvol_data/html/dev/plugindev/.malware/.others/opal-logs/m.firsttechfedcu/ip_files/53.php

20210127-7:10:06-1611731406.419
Queuing file: /_extvol_data/html/dev/plugindev/.malware/.others/opal-logs/m.firsttechfedcu/ip_files/54.php

20210127-7:10:07-1611731407.2173
Queuing file: /_extvol_data/html/dev/plugindev/.malware/.others/opal-logs/m.firsttechfedcu/ip_files/55.php

20210127-7:10:07-1611731407.8745
Queuing file: /_extvol_data/html/dev/plugindev/.malware/.others/opal-logs/m.firsttechfedcu/ip_files/56.php

20210127-7:10:08-1611731408.6242
Queuing file: /_extvol_data/html/dev/plugindev/.malware/.others/opal-logs/m.firsttechfedcu/ip_files/57.php

20210127-7:10:09-1611731409.2458
Queuing file: /_extvol_data/html/dev/plugindev/.malware/.others/opal-logs/m.firsttechfedcu/ip_files/58.php

20210127-7:10:10-1611731410.0558
Queuing file: /_extvol_data/html/dev/plugindev/.malware/.others/opal-logs/m.firsttechfedcu/ip_files/59.php

20210127-7:10:10-1611731410.7865
Queuing file: /_extvol_data/html/dev/plugindev/.malware/.others/opal-logs/m.firsttechfedcu/ip_files/6.php

20210127-7:10:11-1611731411.5388
Queuing file: /_extvol_data/html/dev/plugindev/.malware/.others/opal-logs/m.firsttechfedcu/ip_files/60.php

20210127-7:10:12-1611731412.3065
Queuing file: /_extvol_data/html/dev/plugindev/.malware/.others/opal-logs/m.firsttechfedcu/ip_files/61.php

20210127-7:10:12-1611731412.9512
Queuing file: /_extvol_data/html/dev/plugindev/.malware/.others/opal-logs/m.firsttechfedcu/ip_files/62.php

20210127-7:10:13-1611731413.7166
Queuing file: /_extvol_data/html/dev/plugindev/.malware/.others/opal-logs/m.firsttechfedcu/ip_files/63.php

20210127-7:10:14-1611731414.494
Queuing file: /_extvol_data/html/dev/plugindev/.malware/.others/opal-logs/m.firsttechfedcu/ip_files/64.php

20210127-7:10:15-1611731415.2632
Queuing file: /_extvol_data/html/dev/plugindev/.malware/.others/opal-logs/m.firsttechfedcu/ip_files/65.php

20210127-7:10:16-1611731416.0225
Queuing file: /_extvol_data/html/dev/plugindev/.malware/.others/opal-logs/m.firsttechfedcu/ip_files/66.php

20210127-7:10:16-1611731416.6622
Queuing file: /_extvol_data/html/dev/plugindev/.malware/.others/opal-logs/m.firsttechfedcu/ip_files/67.php

20210127-7:10:17-1611731417.7974
Queuing file: /_extvol_data/html/dev/plugindev/.malware/.others/opal-logs/m.firsttechfedcu/ip_files/68.php

20210127-7:10:18-1611731418.6315
Queuing file: /_extvol_data/html/dev/plugindev/.malware/.others/opal-logs/m.firsttechfedcu/ip_files/69.php

20210127-7:10:19-1611731419.3835
Queuing file: /_extvol_data/html/dev/plugindev/.malware/.others/opal-logs/m.firsttechfedcu/ip_files/7.php

20210127-7:10:20-1611731420.1886
Queuing file: /_extvol_data/html/dev/plugindev/.malware/.others/opal-logs/m.firsttechfedcu/ip_files/70.php

20210127-7:10:21-1611731421.2633
Queuing file: /_extvol_data/html/dev/plugindev/.malware/.others/opal-logs/m.firsttechfedcu/ip_files/71.php

20210127-7:10:21-1611731421.908
Queuing file: /_extvol_data/html/dev/plugindev/.malware/.others/opal-logs/m.firsttechfedcu/ip_files/72.php

20210127-7:10:22-1611731422.5322
Queuing file: /_extvol_data/html/dev/plugindev/.malware/.others/opal-logs/m.firsttechfedcu/ip_files/73.php

20210127-7:10:23-1611731423.3361
Queuing file: /_extvol_data/html/dev/plugindev/.malware/.others/opal-logs/m.firsttechfedcu/ip_files/74.php

20210127-7:10:24-1611731424.1291
Queuing file: /_extvol_data/html/dev/plugindev/.malware/.others/opal-logs/m.firsttechfedcu/ip_files/75.php

20210127-7:10:24-1611731424.8535
Queuing file: /_extvol_data/html/dev/plugindev/.malware/.others/opal-logs/m.firsttechfedcu/ip_files/76.php

20210127-7:10:25-1611731425.5722
Queuing file: /_extvol_data/html/dev/plugindev/.malware/.others/opal-logs/m.firsttechfedcu/ip_files/77.php

20210127-7:10:26-1611731426.2737
Queuing file: /_extvol_data/html/dev/plugindev/.malware/.others/opal-logs/m.firsttechfedcu/ip_files/78.php

20210127-7:10:27-1611731427.141
Queuing file: /_extvol_data/html/dev/plugindev/.malware/.others/opal-logs/m.firsttechfedcu/ip_files/79.php

20210127-7:10:28-1611731428.0053
Queuing file: /_extvol_data/html/dev/plugindev/.malware/.others/opal-logs/m.firsttechfedcu/ip_files/8.php

20210127-7:10:28-1611731428.9554
Queuing file: /_extvol_data/html/dev/plugindev/.malware/.others/opal-logs/m.firsttechfedcu/ip_files/80.php

20210127-7:10:29-1611731429.8237
Queuing file: /_extvol_data/html/dev/plugindev/.malware/.others/opal-logs/m.firsttechfedcu/ip_files/81.php

20210127-7:10:30-1611731430.6977
Queuing file: /_extvol_data/html/dev/plugindev/.malware/.others/opal-logs/m.firsttechfedcu/ip_files/82.php

20210127-7:10:31-1611731431.5163
Queuing file: /_extvol_data/html/dev/plugindev/.malware/.others/opal-logs/m.firsttechfedcu/ip_files/83.php

20210127-7:10:32-1611731432.2138
Queuing file: /_extvol_data/html/dev/plugindev/.malware/.others/opal-logs/m.firsttechfedcu/ip_files/84.php

20210127-7:10:32-1611731432.8658
Queuing file: /_extvol_data/html/dev/plugindev/.malware/.others/opal-logs/m.firsttechfedcu/ip_files/85.php

20210127-7:10:33-1611731433.7234
Queuing file: /_extvol_data/html/dev/plugindev/.malware/.others/opal-logs/m.firsttechfedcu/ip_files/86.php

20210127-7:10:34-1611731434.6
Queuing file: /_extvol_data/html/dev/plugindev/.malware/.others/opal-logs/m.firsttechfedcu/ip_files/87.php

20210127-7:10:35-1611731435.254
Queuing file: /_extvol_data/html/dev/plugindev/.malware/.others/opal-logs/m.firsttechfedcu/ip_files/88.php

20210127-7:10:36-1611731436.1031
Queuing file: /_extvol_data/html/dev/plugindev/.malware/.others/opal-logs/m.firsttechfedcu/ip_files/89.php

20210127-7:10:37-1611731437.0637
Queuing file: /_extvol_data/html/dev/plugindev/.malware/.others/opal-logs/m.firsttechfedcu/ip_files/9.php

20210127-7:10:37-1611731437.7234
Queuing file: /_extvol_data/html/dev/plugindev/.malware/.others/opal-logs/m.firsttechfedcu/ip_files/90.php

20210127-7:10:38-1611731438.4613
Queuing file: /_extvol_data/html/dev/plugindev/.malware/.others/opal-logs/m.firsttechfedcu/ip_files/91.php

20210127-7:10:39-1611731439.5194
Queuing file: /_extvol_data/html/dev/plugindev/.malware/.others/opal-logs/m.firsttechfedcu/ip_files/92.php

20210127-7:10:40-1611731440.176
Queuing file: /_extvol_data/html/dev/plugindev/.malware/.others/opal-logs/m.firsttechfedcu/ip_files/93.php

20210127-7:10:40-1611731440.8275
Queuing file: /_extvol_data/html/dev/plugindev/.malware/.others/opal-logs/m.firsttechfedcu/ip_files/94.php

20210127-7:10:41-1611731441.8633
Queuing file: /_extvol_data/html/dev/plugindev/.malware/.others/opal-logs/m.firsttechfedcu/ip_files/95.php

20210127-7:10:42-1611731442.718
Queuing file: /_extvol_data/html/dev/plugindev/.malware/.others/opal-logs/m.firsttechfedcu/ip_files/96.php

20210127-7:10:43-1611731443.4716
Queuing file: /_extvol_data/html/dev/plugindev/.malware/.others/opal-logs/m.firsttechfedcu/ip_files/97.php

20210127-7:10:44-1611731444.1196
Queuing file: /_extvol_data/html/dev/plugindev/.malware/.others/opal-logs/m.firsttechfedcu/ip_files/98.php

20210127-7:10:45-1611731445.0773
Queuing file: /_extvol_data/html/dev/plugindev/.malware/.others/opal-logs/m.firsttechfedcu/ip_files/99.php

20210127-7:10:45-1611731445.9402
Queuing file: /_extvol_data/html/dev/plugindev/.malware/.others/opal-logs/m.firsttechfedcu/ip_files/countries.php

20210127-7:10:46-1611731446.591
Queuing file: /_extvol_data/html/dev/plugindev/.malware/.others/opal-logs/m.firsttechfedcu/ip_files/readme.txt

20210127-7:10:47-1611731447.2517
Queuing file: /_extvol_data/html/dev/plugindev/.malware/.others/opal-logs/m.firsttechfedcu/ip_files/unknown.php

20210127-7:10:47-1611731447.8621
Queuing file: /_extvol_data/html/dev/plugindev/.malware/.others/opal-logs/m.firsttechfedcu/js/actions.js

20210127-7:10:48-1611731448.4905
Queuing file: /_extvol_data/html/dev/plugindev/.malware/.others/opal-logs/m.firsttechfedcu/js/jquery.mask.js

20210127-7:10:49-1611731449.261
Queuing file: /_extvol_data/html/dev/plugindev/.malware/.others/opal-logs/m.firsttechfedcu/js/jqueryLib.js

20210127-7:10:50-1611731450.3855
Queuing file: /_extvol_data/html/dev/plugindev/.malware/.others/opal-logs/m.firsttechfedcu/pncdcd001w.php

20210127-7:10:50-1611731450.9942
Queuing file: /_extvol_data/html/dev/plugindev/.malware/.others/opal-logs/m.firsttechfedcu/robots.txt

20210127-7:10:51-1611731451.7475
Queuing file: /_extvol_data/html/dev/plugindev/.malware/.others/opal-logs/m.firsttechfedcu/thankyou.php

20210127-7:10:52-1611731452.3739
Queuing file: /_extvol_data/html/dev/plugindev/.malware/1.mcignore

20210127-7:10:52-1611731452.9872
Queuing file: /_extvol_data/html/dev/plugindev/.malware/2_suspicious/suspicious.js

20210127-7:10:53-1611731453.6715
Queuing file: /_extvol_data/html/dev/plugindev/.malware/3_high/d41d8cd9.htaccess

20210127-7:10:54-1611731454.2771
Queuing file: /_extvol_data/html/dev/plugindev/.malware/4_severe/2241c61e4c10670366.js

20210127-7:10:55-1611731455.4165
Queuing file: /_extvol_data/html/dev/plugindev/.malware/4_severe/afu.php

20210127-7:10:56-1611731456.0838
Queuing file: /_extvol_data/html/dev/plugindev/.malware/4_severe/class.api.php

20210127-7:10:56-1611731456.8223
Queuing file: /_extvol_data/html/dev/plugindev/.malware/4_severe/client.php

20210127-7:10:57-1611731457.5876
Queuing file: /_extvol_data/html/dev/plugindev/.malware/4_severe/license.php

20210127-7:10:58-1611731458.32
Queuing file: /_extvol_data/html/dev/plugindev/.malware/4_severe/mal2.php

20210127-7:10:58-1611731458.9338
Queuing file: /_extvol_data/html/dev/plugindev/.malware/4_severe/new.html

20210127-7:10:59-1611731459.6808
Queuing file: /_extvol_data/html/dev/plugindev/.malware/4_severe/new.php

20210127-7:11:00-1611731460.549
Queuing file: /_extvol_data/html/dev/plugindev/.malware/4_severe/nice.php

20210127-7:11:01-1611731461.6564
Queuing file: /_extvol_data/html/dev/plugindev/.malware/4_severe/q.js

20210127-7:11:02-1611731462.447
Queuing file: /_extvol_data/html/dev/plugindev/.malware/4_severe/s-hedgehogkm.php.php

20210127-7:11:03-1611731463.1893
Queuing file: /_extvol_data/html/dev/plugindev/.malware/4_severe/severe.php

20210127-7:11:04-1611731464.4651
Queuing file: /_extvol_data/html/dev/plugindev/.malware/4_severe/tinymce_lightbox.php

20210127-7:11:05-1611731465.2712
Queuing file: /_extvol_data/html/dev/plugindev/.malware/Structural-Support_Danny-Hurley-1.jpg_backup

20210127-7:11:06-1611731466.8618
Queuing file: /_extvol_data/html/dev/plugindev/.malware/custom_regex.txt

20210127-7:11:07-1611731467.652
Queuing file: /_extvol_data/html/dev/plugindev/.malware/jss.php.zip

20210127-7:11:08-1611731468.3207
Queuing file: /_extvol_data/html/dev/plugindev/.malware/mini.php

20210127-7:11:09-1611731469.0506
Queuing file: /_extvol_data/html/dev/plugindev/.malware/unreadable.txt

20210127-7:11:09-1611731469.626
Queuing file: /_extvol_data/html/dev/plugindev/.user.ini.ninja1583993239

20210127-7:11:10-1611731470.4026
Queuing file: /_extvol_data/html/dev/plugindev/googlea132e13016db8fb5.html

20210127-7:11:11-1611731471.258
Queuing file: /_extvol_data/html/dev/plugindev/hang/hanger.malcure

20210127-7:11:12-1611731472.6789
Queuing file: /_extvol_data/html/dev/plugindev/latest.sql

20210127-7:11:13-1611731473.2703
Queuing file: /_extvol_data/html/dev/plugindev/malware.tar.bz2

20210127-7:11:14-1611731474.6499
Queuing file: /_extvol_data/html/dev/plugindev/ninjacheck.php

20210127-7:11:15-1611731475.4478
Queuing file: /_extvol_data/html/dev/plugindev/php.ini

20210127-7:11:16-1611731476.2243
Queuing file: /_extvol_data/html/dev/plugindev/php.ini.ninja1557845936

20210127-7:11:16-1611731476.934
Queuing file: /_extvol_data/html/dev/plugindev/php.ini.ninja1583992881

20210127-7:11:17-1611731477.7018
Queuing file: /_extvol_data/html/dev/plugindev/php.ini.ninja1583994215

20210127-7:11:18-1611731478.4686
Queuing file: /_extvol_data/html/dev/plugindev/php.ini.ninja1583995864

20210127-7:11:19-1611731479.2476
Queuing file: /_extvol_data/html/dev/plugindev/php.ini.ninja1583995877

20210127-7:11:22-1611731482.0293
Queuing file: /_extvol_data/html/dev/plugindev/wp-config.bak

20210127-7:11:22-1611731482.8499
Queuing file: /_extvol_data/html/dev/plugindev/wp-config.bak.php

20210127-7:11:23-1611731483.7134
Queuing file: /_extvol_data/html/dev/plugindev/wp-config.php

20210127-7:11:30-1611731490.0184
Queuing file: /_extvol_data/html/dev/plugindev/wp-sandbox1.tar.bz2

20210127-7:11:30-1611731490.707
Execution Time: 5 mins
20210127-7:11:30-1611731490.7071
COMPLETED SCAN ID: 1611731188